# JRE version: OpenJDK Runtime Environment Temurin-17.0.13+11 (17.0.13+11) (build 17.0.13+11)
# Java VM: OpenJDK 64-Bit Server VM Temurin-17.0.13+11 (17.0.13+11, mixed mode, tiered, compressed oops, compressed class ptrs, parallel gc, windows-amd64)
GC Precious Log:
 CPUs: 20 total, 20 available
 Memory: 65298M
 Large Page Support: Disabled
 NUMA Support: Disabled
 Compressed Oops: Enabled (32-bit)
 Alignments: Space 512K, Generation 512K, Heap 2M
 Heap Min Capacity: 100M
 Heap Initial Capacity: 100M
 Heap Max Capacity: 1G
 Pre-touch: Disabled
 Parallel Workers: 15
Heap:
 PSYoungGen      total 6144K, used 5137K [0x00000000eab00000, 0x00000000eb380000, 0x0000000100000000)
  eden space 3584K, 77% used [0x00000000eab00000,0x00000000eadb4758,0x00000000eae80000)
  from space 2560K, 92% used [0x00000000eb100000,0x00000000eb350080,0x00000000eb380000)
  to   space 2560K, 0% used [0x00000000eae80000,0x00000000eae80000,0x00000000eb100000)
 ParOldGen       total 176640K, used 149811K [0x00000000c0000000, 0x00000000cac80000, 0x00000000eab00000)
  object space 176640K, 84% used [0x00000000c0000000,0x00000000c924ccb8,0x00000000cac80000)
 Metaspace       used 91534K, committed 92992K, reserved 1179648K
  class space    used 9569K, committed 10240K, reserved 1048576K
GC Heap History (20 events):
Event: 1597.205 GC heap before
{Heap before GC invocations=624 (full 15):
 PSYoungGen      total 5632K, used 5472K [0x00000000eab00000, 0x00000000eb280000, 0x0000000100000000)
  eden space 3584K, 99% used [0x00000000eab00000,0x00000000eae7fff0,0x00000000eae80000)
  from space 2048K, 92% used [0x00000000eb080000,0x00000000eb258050,0x00000000eb280000)
  to   space 2048K, 0% used [0x00000000eae80000,0x00000000eae80000,0x00000000eb080000)
 ParOldGen       total 176640K, used 148184K [0x00000000c0000000, 0x00000000cac80000, 0x00000000eab00000)
  object space 176640K, 83% used [0x00000000c0000000,0x00000000c90b6368,0x00000000cac80000)
 Metaspace       used 91518K, committed 92928K, reserved 1179648K
  class space    used 9569K, committed 10240K, reserved 1048576K
}
Event: 1597.206 GC heap after
{Heap after GC invocations=624 (full 15):
 PSYoungGen      total 5632K, used 2016K [0x00000000eab00000, 0x00000000eb380000, 0x0000000100000000)
  eden space 3584K, 0% used [0x00000000eab00000,0x00000000eab00000,0x00000000eae80000)
  from space 2048K, 98% used [0x00000000eae80000,0x00000000eb078030,0x00000000eb080000)
  to   space 2560K, 0% used [0x00000000eb100000,0x00000000eb100000,0x00000000eb380000)
 ParOldGen       total 176640K, used 148200K [0x00000000c0000000, 0x00000000cac80000, 0x00000000eab00000)
  object space 176640K, 83% used [0x00000000c0000000,0x00000000c90ba368,0x00000000cac80000)
 Metaspace       used 91518K, committed 92928K, reserved 1179648K
  class space    used 9569K, committed 10240K, reserved 1048576K
}
Event: 1597.210 GC heap before
{Heap before GC invocations=625 (full 15):
 PSYoungGen      total 5632K, used 5600K [0x00000000eab00000, 0x00000000eb380000, 0x0000000100000000)
  eden space 3584K, 99% used [0x00000000eab00000,0x00000000eae7fff0,0x00000000eae80000)
  from space 2048K, 98% used [0x00000000eae80000,0x00000000eb078030,0x00000000eb080000)
  to   space 2560K, 0% used [0x00000000eb100000,0x00000000eb100000,0x00000000eb380000)
 ParOldGen       total 176640K, used 148200K [0x00000000c0000000, 0x00000000cac80000, 0x00000000eab00000)
  object space 176640K, 83% used [0x00000000c0000000,0x00000000c90ba368,0x00000000cac80000)
 Metaspace       used 91521K, committed 92928K, reserved 1179648K
  class space    used 9569K, committed 10240K, reserved 1048576K
}
Event: 1597.211 GC heap after
{Heap after GC invocations=625 (full 15):
 PSYoungGen      total 6144K, used 2416K [0x00000000eab00000, 0x00000000eb380000, 0x0000000100000000)
  eden space 3584K, 0% used [0x00000000eab00000,0x00000000eab00000,0x00000000eae80000)
  from space 2560K, 94% used [0x00000000eb100000,0x00000000eb35c040,0x00000000eb380000)
  to   space 2560K, 0% used [0x00000000eae80000,0x00000000eae80000,0x00000000eb100000)
 ParOldGen       total 176640K, used 148208K [0x00000000c0000000, 0x00000000cac80000, 0x00000000eab00000)
  object space 176640K, 83% used [0x00000000c0000000,0x00000000c90bc368,0x00000000cac80000)
 Metaspace       used 91521K, committed 92928K, reserved 1179648K
  class space    used 9569K, committed 10240K, reserved 1048576K
}
Event: 1597.501 GC heap before
{Heap before GC invocations=626 (full 15):
 PSYoungGen      total 6144K, used 6000K [0x00000000eab00000, 0x00000000eb380000, 0x0000000100000000)
  eden space 3584K, 100% used [0x00000000eab00000,0x00000000eae80000,0x00000000eae80000)
  from space 2560K, 94% used [0x00000000eb100000,0x00000000eb35c040,0x00000000eb380000)
  to   space 2560K, 0% used [0x00000000eae80000,0x00000000eae80000,0x00000000eb100000)
 ParOldGen       total 176640K, used 148208K [0x00000000c0000000, 0x00000000cac80000, 0x00000000eab00000)
  object space 176640K, 83% used [0x00000000c0000000,0x00000000c90bc368,0x00000000cac80000)
 Metaspace       used 91523K, committed 92928K, reserved 1179648K
  class space    used 9569K, committed 10240K, reserved 1048576K
}
Event: 1597.502 GC heap after
{Heap after GC invocations=626 (full 15):
 PSYoungGen      total 6144K, used 2448K [0x00000000eab00000, 0x00000000eb380000, 0x0000000100000000)
  eden space 3584K, 0% used [0x00000000eab00000,0x00000000eab00000,0x00000000eae80000)
  from space 2560K, 95% used [0x00000000eae80000,0x00000000eb0e4060,0x00000000eb100000)
  to   space 2560K, 0% used [0x00000000eb100000,0x00000000eb100000,0x00000000eb380000)
 ParOldGen       total 176640K, used 148208K [0x00000000c0000000, 0x00000000cac80000, 0x00000000eab00000)
  object space 176640K, 83% used [0x00000000c0000000,0x00000000c90bc368,0x00000000cac80000)
 Metaspace       used 91523K, committed 92928K, reserved 1179648K
  class space    used 9569K, committed 10240K, reserved 1048576K
}
Event: 1597.613 GC heap before
{Heap before GC invocations=627 (full 15):
 PSYoungGen      total 6144K, used 6032K [0x00000000eab00000, 0x00000000eb380000, 0x0000000100000000)
  eden space 3584K, 100% used [0x00000000eab00000,0x00000000eae80000,0x00000000eae80000)
  from space 2560K, 95% used [0x00000000eae80000,0x00000000eb0e4060,0x00000000eb100000)
  to   space 2560K, 0% used [0x00000000eb100000,0x00000000eb100000,0x00000000eb380000)
 ParOldGen       total 176640K, used 148208K [0x00000000c0000000, 0x00000000cac80000, 0x00000000eab00000)
  object space 176640K, 83% used [0x00000000c0000000,0x00000000c90bc368,0x00000000cac80000)
 Metaspace       used 91523K, committed 92928K, reserved 1179648K
  class space    used 9569K, committed 10240K, reserved 1048576K
}
Event: 1597.614 GC heap after
{Heap after GC invocations=627 (full 15):
 PSYoungGen      total 6144K, used 2528K [0x00000000eab00000, 0x00000000eb380000, 0x0000000100000000)
  eden space 3584K, 0% used [0x00000000eab00000,0x00000000eab00000,0x00000000eae80000)
  from space 2560K, 98% used [0x00000000eb100000,0x00000000eb378070,0x00000000eb380000)
  to   space 2560K, 0% used [0x00000000eae80000,0x00000000eae80000,0x00000000eb100000)
 ParOldGen       total 176640K, used 148216K [0x00000000c0000000, 0x00000000cac80000, 0x00000000eab00000)
  object space 176640K, 83% used [0x00000000c0000000,0x00000000c90be368,0x00000000cac80000)
 Metaspace       used 91523K, committed 92928K, reserved 1179648K
  class space    used 9569K, committed 10240K, reserved 1048576K
}
Event: 1597.720 GC heap before
{Heap before GC invocations=628 (full 15):
 PSYoungGen      total 6144K, used 6112K [0x00000000eab00000, 0x00000000eb380000, 0x0000000100000000)
  eden space 3584K, 99% used [0x00000000eab00000,0x00000000eae7ffc8,0x00000000eae80000)
  from space 2560K, 98% used [0x00000000eb100000,0x00000000eb378070,0x00000000eb380000)
  to   space 2560K, 0% used [0x00000000eae80000,0x00000000eae80000,0x00000000eb100000)
 ParOldGen       total 176640K, used 148216K [0x00000000c0000000, 0x00000000cac80000, 0x00000000eab00000)
  object space 176640K, 83% used [0x00000000c0000000,0x00000000c90be368,0x00000000cac80000)
 Metaspace       used 91525K, committed 92928K, reserved 1179648K
  class space    used 9569K, committed 10240K, reserved 1048576K
}
Event: 1597.721 GC heap after
{Heap after GC invocations=628 (full 15):
 PSYoungGen      total 6144K, used 2000K [0x00000000eab00000, 0x00000000eb380000, 0x0000000100000000)
  eden space 3584K, 0% used [0x00000000eab00000,0x00000000eab00000,0x00000000eae80000)
  from space 2560K, 78% used [0x00000000eae80000,0x00000000eb074030,0x00000000eb100000)
  to   space 2560K, 0% used [0x00000000eb100000,0x00000000eb100000,0x00000000eb380000)
 ParOldGen       total 176640K, used 149163K [0x00000000c0000000, 0x00000000cac80000, 0x00000000eab00000)
  object space 176640K, 84% used [0x00000000c0000000,0x00000000c91aacb8,0x00000000cac80000)
 Metaspace       used 91525K, committed 92928K, reserved 1179648K
  class space    used 9569K, committed 10240K, reserved 1048576K
}
Event: 1597.726 GC heap before
{Heap before GC invocations=629 (full 15):
 PSYoungGen      total 6144K, used 5577K [0x00000000eab00000, 0x00000000eb380000, 0x0000000100000000)
  eden space 3584K, 99% used [0x00000000eab00000,0x00000000eae7e788,0x00000000eae80000)
  from space 2560K, 78% used [0x00000000eae80000,0x00000000eb074030,0x00000000eb100000)
  to   space 2560K, 0% used [0x00000000eb100000,0x00000000eb100000,0x00000000eb380000)
 ParOldGen       total 176640K, used 149163K [0x00000000c0000000, 0x00000000cac80000, 0x00000000eab00000)
  object space 176640K, 84% used [0x00000000c0000000,0x00000000c91aacb8,0x00000000cac80000)
 Metaspace       used 91525K, committed 92928K, reserved 1179648K
  class space    used 9569K, committed 10240K, reserved 1048576K
}
Event: 1597.727 GC heap after
{Heap after GC invocations=629 (full 15):
 PSYoungGen      total 5120K, used 1504K [0x00000000eab00000, 0x00000000eb280000, 0x0000000100000000)
  eden space 3584K, 0% used [0x00000000eab00000,0x00000000eab00000,0x00000000eae80000)
  from space 1536K, 97% used [0x00000000eb100000,0x00000000eb278020,0x00000000eb280000)
  to   space 2048K, 0% used [0x00000000eae80000,0x00000000eae80000,0x00000000eb080000)
 ParOldGen       total 176640K, used 149163K [0x00000000c0000000, 0x00000000cac80000, 0x00000000eab00000)
  object space 176640K, 84% used [0x00000000c0000000,0x00000000c91aacb8,0x00000000cac80000)
 Metaspace       used 91525K, committed 92928K, reserved 1179648K
  class space    used 9569K, committed 10240K, reserved 1048576K
}
Event: 1598.000 GC heap before
{Heap before GC invocations=630 (full 15):
 PSYoungGen      total 5120K, used 5088K [0x00000000eab00000, 0x00000000eb280000, 0x0000000100000000)
  eden space 3584K, 100% used [0x00000000eab00000,0x00000000eae80000,0x00000000eae80000)
  from space 1536K, 97% used [0x00000000eb100000,0x00000000eb278020,0x00000000eb280000)
  to   space 2048K, 0% used [0x00000000eae80000,0x00000000eae80000,0x00000000eb080000)
 ParOldGen       total 176640K, used 149163K [0x00000000c0000000, 0x00000000cac80000, 0x00000000eab00000)
  object space 176640K, 84% used [0x00000000c0000000,0x00000000c91aacb8,0x00000000cac80000)
 Metaspace       used 91525K, committed 92928K, reserved 1179648K
  class space    used 9569K, committed 10240K, reserved 1048576K
}
Event: 1598.001 GC heap after
{Heap after GC invocations=630 (full 15):
 PSYoungGen      total 5632K, used 2016K [0x00000000eab00000, 0x00000000eb380000, 0x0000000100000000)
  eden space 3584K, 0% used [0x00000000eab00000,0x00000000eab00000,0x00000000eae80000)
  from space 2048K, 98% used [0x00000000eae80000,0x00000000eb078040,0x00000000eb080000)
  to   space 2560K, 0% used [0x00000000eb100000,0x00000000eb100000,0x00000000eb380000)
 ParOldGen       total 176640K, used 149371K [0x00000000c0000000, 0x00000000cac80000, 0x00000000eab00000)
  object space 176640K, 84% used [0x00000000c0000000,0x00000000c91decb8,0x00000000cac80000)
 Metaspace       used 91525K, committed 92928K, reserved 1179648K
  class space    used 9569K, committed 10240K, reserved 1048576K
}
Event: 1598.101 GC heap before
{Heap before GC invocations=631 (full 15):
 PSYoungGen      total 5632K, used 5600K [0x00000000eab00000, 0x00000000eb380000, 0x0000000100000000)
  eden space 3584K, 100% used [0x00000000eab00000,0x00000000eae80000,0x00000000eae80000)
  from space 2048K, 98% used [0x00000000eae80000,0x00000000eb078040,0x00000000eb080000)
  to   space 2560K, 0% used [0x00000000eb100000,0x00000000eb100000,0x00000000eb380000)
 ParOldGen       total 176640K, used 149371K [0x00000000c0000000, 0x00000000cac80000, 0x00000000eab00000)
  object space 176640K, 84% used [0x00000000c0000000,0x00000000c91decb8,0x00000000cac80000)
 Metaspace       used 91527K, committed 92928K, reserved 1179648K
  class space    used 9569K, committed 10240K, reserved 1048576K
}
Event: 1598.101 GC heap after
{Heap after GC invocations=631 (full 15):
 PSYoungGen      total 6144K, used 2352K [0x00000000eab00000, 0x00000000eb380000, 0x0000000100000000)
  eden space 3584K, 0% used [0x00000000eab00000,0x00000000eab00000,0x00000000eae80000)
  from space 2560K, 91% used [0x00000000eb100000,0x00000000eb34c070,0x00000000eb380000)
  to   space 2560K, 0% used [0x00000000eae80000,0x00000000eae80000,0x00000000eb100000)
 ParOldGen       total 176640K, used 149803K [0x00000000c0000000, 0x00000000cac80000, 0x00000000eab00000)
  object space 176640K, 84% used [0x00000000c0000000,0x00000000c924acb8,0x00000000cac80000)
 Metaspace       used 91527K, committed 92928K, reserved 1179648K
  class space    used 9569K, committed 10240K, reserved 1048576K
}
Event: 1598.219 GC heap before
{Heap before GC invocations=632 (full 15):
 PSYoungGen      total 6144K, used 5936K [0x00000000eab00000, 0x00000000eb380000, 0x0000000100000000)
  eden space 3584K, 100% used [0x00000000eab00000,0x00000000eae80000,0x00000000eae80000)
  from space 2560K, 91% used [0x00000000eb100000,0x00000000eb34c070,0x00000000eb380000)
  to   space 2560K, 0% used [0x00000000eae80000,0x00000000eae80000,0x00000000eb100000)
 ParOldGen       total 176640K, used 149803K [0x00000000c0000000, 0x00000000cac80000, 0x00000000eab00000)
  object space 176640K, 84% used [0x00000000c0000000,0x00000000c924acb8,0x00000000cac80000)
 Metaspace       used 91527K, committed 92928K, reserved 1179648K
  class space    used 9569K, committed 10240K, reserved 1048576K
}
Event: 1598.219 GC heap after
{Heap after GC invocations=632 (full 15):
 PSYoungGen      total 6144K, used 2272K [0x00000000eab00000, 0x00000000eb380000, 0x0000000100000000)
  eden space 3584K, 0% used [0x00000000eab00000,0x00000000eab00000,0x00000000eae80000)
  from space 2560K, 88% used [0x00000000eae80000,0x00000000eb0b8080,0x00000000eb100000)
  to   space 2560K, 0% used [0x00000000eb100000,0x00000000eb100000,0x00000000eb380000)
 ParOldGen       total 176640K, used 149803K [0x00000000c0000000, 0x00000000cac80000, 0x00000000eab00000)
  object space 176640K, 84% used [0x00000000c0000000,0x00000000c924acb8,0x00000000cac80000)
 Metaspace       used 91527K, committed 92928K, reserved 1179648K
  class space    used 9569K, committed 10240K, reserved 1048576K
}
Event: 1598.374 GC heap before
{Heap before GC invocations=633 (full 15):
 PSYoungGen      total 6144K, used 5856K [0x00000000eab00000, 0x00000000eb380000, 0x0000000100000000)
  eden space 3584K, 100% used [0x00000000eab00000,0x00000000eae80000,0x00000000eae80000)
  from space 2560K, 88% used [0x00000000eae80000,0x00000000eb0b8080,0x00000000eb100000)
  to   space 2560K, 0% used [0x00000000eb100000,0x00000000eb100000,0x00000000eb380000)
 ParOldGen       total 176640K, used 149803K [0x00000000c0000000, 0x00000000cac80000, 0x00000000eab00000)
  object space 176640K, 84% used [0x00000000c0000000,0x00000000c924acb8,0x00000000cac80000)
 Metaspace       used 91534K, committed 92992K, reserved 1179648K
  class space    used 9569K, committed 10240K, reserved 1048576K
}
Event: 1598.375 GC heap after
{Heap after GC invocations=633 (full 15):
 PSYoungGen      total 6144K, used 2368K [0x00000000eab00000, 0x00000000eb380000, 0x0000000100000000)
  eden space 3584K, 0% used [0x00000000eab00000,0x00000000eab00000,0x00000000eae80000)
  from space 2560K, 92% used [0x00000000eb100000,0x00000000eb350080,0x00000000eb380000)
  to   space 2560K, 0% used [0x00000000eae80000,0x00000000eae80000,0x00000000eb100000)
 ParOldGen       total 176640K, used 149811K [0x00000000c0000000, 0x00000000cac80000, 0x00000000eab00000)
  object space 176640K, 84% used [0x00000000c0000000,0x00000000c924ccb8,0x00000000cac80000)
 Metaspace       used 91534K, committed 92992K, reserved 1179648K
  class space    used 9569K, committed 10240K, reserved 1048576K
}

